<?xml version="1.0" encoding="UTF-8"?>
<!-- Generated by org.testng.reporters.JUnitXMLReporter -->
<testsuite ignored="0" hostname="PE-HO-011" failures="0" tests="4" name="Test" time="0.562" errors="0" timestamp="2022-09-30T14:57:09 COT">
  <testcase classname="testNG.RunTestNG" name="@BeforeClass beforeClass" time="0.02">
    <failure type="java.lang.IllegalArgumentException" message="wrong number of arguments">
      <![CDATA[java.lang.IllegalArgumentException: wrong number of arguments
at java.base/java.util.ArrayList.forEach(ArrayList.java:1511)
... Removed 25 stack frames]]>
    </failure>
  </testcase> <!-- @BeforeClass beforeClass -->
  <testcase classname="testNG.RunTestNG" name="@AfterClass afterClass" time="0.0">
    <skipped/>
  </testcase> <!-- @AfterClass afterClass -->
  <testcase classname="testNG.RunTestNG" name="seleccionaProducto" time="0.0">
    <skipped/>
  </testcase> <!-- seleccionaProducto -->
  <testcase classname="testNG.RunTestNG" name="crearCuentaDesdeInicio" time="0.0">
    <skipped/>
  </testcase> <!-- crearCuentaDesdeInicio -->
  <testcase classname="testNG.RunTestNG" name="alertsTQA" time="0.0">
    <skipped/>
  </testcase> <!-- alertsTQA -->
  <testcase classname="testNG.RunTestNG" name="widgetsTQA" time="0.0">
    <skipped/>
  </testcase> <!-- widgetsTQA -->
</testsuite> <!-- Test -->
